# JRE version: OpenJDK Runtime Environment (11.0.25+9) (build 11.0.25+9-post-Ubuntu-1ubuntu120.04)
# Java VM: OpenJDK 64-Bit Server VM (11.0.25+9-post-Ubuntu-1ubuntu120.04, mixed mode, sharing, tiered, compressed oops, g1 gc, linux-amd64)
Heap:
 garbage-first heap   total 573440K, used 79058K [0x000000041e400000, 0x0000000800000000)
  region size 4096K, 11 young (45056K), 1 survivors (4096K)
 Metaspace       used 29949K, capacity 30765K, committed 31104K, reserved 1077248K
  class space    used 3797K, capacity 4187K, committed 4224K, reserved 1048576K
GC Heap History (20 events):
Event: 2.039 GC heap before
{Heap before GC invocations=7 (full 4):
 garbage-first heap   total 81920K, used 45178K [0x000000041e400000, 0x0000000800000000)
  region size 4096K, 5 young (20480K), 1 survivors (4096K)
 Metaspace       used 14970K, capacity 15354K, committed 15872K, reserved 1062912K
  class space    used 2072K, capacity 2208K, committed 2304K, reserved 1048576K
}
Event: 2.068 GC heap after
{Heap after GC invocations=8 (full 4):
 garbage-first heap   total 81920K, used 33226K [0x000000041e400000, 0x0000000800000000)
  region size 4096K, 1 young (4096K), 1 survivors (4096K)
 Metaspace       used 14970K, capacity 15354K, committed 15872K, reserved 1062912K
  class space    used 2072K, capacity 2208K, committed 2304K, reserved 1048576K
}
Event: 2.092 GC heap before
{Heap before GC invocations=8 (full 4):
 garbage-first heap   total 81920K, used 33226K [0x000000041e400000, 0x0000000800000000)
  region size 4096K, 2 young (8192K), 1 survivors (4096K)
 Metaspace       used 14979K, capacity 15354K, committed 15872K, reserved 1062912K
  class space    used 2072K, capacity 2208K, committed 2304K, reserved 1048576K
}
Event: 2.165 GC heap after
{Heap after GC invocations=9 (full 5):
 garbage-first heap   total 81920K, used 28972K [0x000000041e400000, 0x0000000800000000)
  region size 4096K, 0 young (0K), 0 survivors (0K)
 Metaspace       used 14979K, capacity 15354K, committed 15872K, reserved 1062912K
  class space    used 2072K, capacity 2208K, committed 2304K, reserved 1048576K
}
Event: 2.244 GC heap before
{Heap before GC invocations=9 (full 5):
 garbage-first heap   total 81920K, used 45356K [0x000000041e400000, 0x0000000800000000)
  region size 4096K, 4 young (16384K), 0 survivors (0K)
 Metaspace       used 14988K, capacity 15354K, committed 15872K, reserved 1062912K
  class space    used 2072K, capacity 2208K, committed 2304K, reserved 1048576K
}
Event: 2.253 GC heap after
{Heap after GC invocations=10 (full 5):
 garbage-first heap   total 552960K, used 34134K [0x000000041e400000, 0x0000000800000000)
  region size 4096K, 1 young (4096K), 1 survivors (4096K)
 Metaspace       used 14988K, capacity 15354K, committed 15872K, reserved 1062912K
  class space    used 2072K, capacity 2208K, committed 2304K, reserved 1048576K
}
Event: 2.314 GC heap before
{Heap before GC invocations=10 (full 5):
 garbage-first heap   total 552960K, used 34134K [0x000000041e400000, 0x0000000800000000)
  region size 4096K, 2 young (8192K), 1 survivors (4096K)
 Metaspace       used 14999K, capacity 15354K, committed 15872K, reserved 1062912K
  class space    used 2072K, capacity 2208K, committed 2304K, reserved 1048576K
}
Event: 2.338 GC heap after
{Heap after GC invocations=11 (full 6):
 garbage-first heap   total 151552K, used 28654K [0x000000041e400000, 0x0000000800000000)
  region size 4096K, 0 young (0K), 0 survivors (0K)
 Metaspace       used 14999K, capacity 15354K, committed 15872K, reserved 1062912K
  class space    used 2072K, capacity 2208K, committed 2304K, reserved 1048576K
}
Event: 2.456 GC heap before
{Heap before GC invocations=11 (full 6):
 garbage-first heap   total 151552K, used 32750K [0x000000041e400000, 0x0000000800000000)
  region size 4096K, 2 young (8192K), 0 survivors (0K)
 Metaspace       used 15049K, capacity 15418K, committed 15872K, reserved 1062912K
  class space    used 2073K, capacity 2208K, committed 2304K, reserved 1048576K
}
Event: 2.522 GC heap after
{Heap after GC invocations=12 (full 7):
 garbage-first heap   total 122880K, used 28742K [0x000000041e400000, 0x0000000800000000)
  region size 4096K, 0 young (0K), 0 survivors (0K)
 Metaspace       used 15049K, capacity 15418K, committed 15872K, reserved 1062912K
  class space    used 2073K, capacity 2208K, committed 2304K, reserved 1048576K
}
Event: 2.684 GC heap before
{Heap before GC invocations=12 (full 7):
 garbage-first heap   total 122880K, used 65606K [0x000000041e400000, 0x0000000800000000)
  region size 4096K, 9 young (36864K), 0 survivors (0K)
 Metaspace       used 15051K, capacity 15418K, committed 15872K, reserved 1062912K
  class space    used 2073K, capacity 2208K, committed 2304K, reserved 1048576K
}
Event: 2.705 GC heap after
{Heap after GC invocations=13 (full 7):
 garbage-first heap   total 122880K, used 42840K [0x000000041e400000, 0x0000000800000000)
  region size 4096K, 2 young (8192K), 2 survivors (8192K)
 Metaspace       used 15051K, capacity 15418K, committed 15872K, reserved 1062912K
  class space    used 2073K, capacity 2208K, committed 2304K, reserved 1048576K
}
Event: 2.850 GC heap before
{Heap before GC invocations=13 (full 7):
 garbage-first heap   total 122880K, used 71512K [0x000000041e400000, 0x0000000800000000)
  region size 4096K, 9 young (36864K), 2 survivors (8192K)
 Metaspace       used 15060K, capacity 15418K, committed 15872K, reserved 1062912K
  class space    used 2073K, capacity 2208K, committed 2304K, reserved 1048576K
}
Event: 2.870 GC heap after
{Heap after GC invocations=14 (full 7):
 garbage-first heap   total 122880K, used 58359K [0x000000041e400000, 0x0000000800000000)
  region size 4096K, 2 young (8192K), 2 survivors (8192K)
 Metaspace       used 15060K, capacity 15418K, committed 15872K, reserved 1062912K
  class space    used 2073K, capacity 2208K, committed 2304K, reserved 1048576K
}
Event: 2.914 GC heap before
{Heap before GC invocations=14 (full 7):
 garbage-first heap   total 122880K, used 74743K [0x000000041e400000, 0x0000000800000000)
  region size 4096K, 6 young (24576K), 2 survivors (8192K)
 Metaspace       used 15060K, capacity 15418K, committed 15872K, reserved 1062912K
  class space    used 2073K, capacity 2208K, committed 2304K, reserved 1048576K
}
Event: 2.922 GC heap after
{Heap after GC invocations=15 (full 7):
 garbage-first heap   total 122880K, used 60711K [0x000000041e400000, 0x0000000800000000)
  region size 4096K, 1 young (4096K), 1 survivors (4096K)
 Metaspace       used 15060K, capacity 15418K, committed 15872K, reserved 1062912K
  class space    used 2073K, capacity 2208K, committed 2304K, reserved 1048576K
}
Event: 3.067 GC heap before
{Heap before GC invocations=16 (full 7):
 garbage-first heap   total 122880K, used 64807K [0x000000041e400000, 0x0000000800000000)
  region size 4096K, 5 young (20480K), 1 survivors (4096K)
 Metaspace       used 15066K, capacity 15418K, committed 15872K, reserved 1062912K
  class space    used 2073K, capacity 2208K, committed 2304K, reserved 1048576K
}
Event: 3.071 GC heap after
{Heap after GC invocations=17 (full 7):
 garbage-first heap   total 573440K, used 47966K [0x000000041e400000, 0x0000000800000000)
  region size 4096K, 1 young (4096K), 1 survivors (4096K)
 Metaspace       used 15066K, capacity 15418K, committed 15872K, reserved 1062912K
  class space    used 2073K, capacity 2208K, committed 2304K, reserved 1048576K
}
Event: 3.972 GC heap before
{Heap before GC invocations=17 (full 7):
 garbage-first heap   total 573440K, used 138078K [0x000000041e400000, 0x0000000800000000)
  region size 4096K, 24 young (98304K), 1 survivors (4096K)
 Metaspace       used 25441K, capacity 26182K, committed 26368K, reserved 1073152K
  class space    used 3252K, capacity 3569K, committed 3584K, reserved 1048576K
}
Event: 3.979 GC heap after
{Heap after GC invocations=18 (full 7):
 garbage-first heap   total 573440K, used 50386K [0x000000041e400000, 0x0000000800000000)
  region size 4096K, 1 young (4096K), 1 survivors (4096K)
 Metaspace       used 25441K, capacity 26182K, committed 26368K, reserved 1073152K
  class space    used 3252K, capacity 3569K, committed 3584K, reserved 1048576K
}

