# JRE version: OpenJDK Runtime Environment (11.0.26+4) (build 11.0.26+4-post-Ubuntu-1ubuntu122.04)
# Java VM: OpenJDK 64-Bit Server VM (11.0.26+4-post-Ubuntu-1ubuntu122.04, mixed mode, sharing, tiered, compressed oops, g1 gc, linux-amd64)
Heap:
 garbage-first heap   total 700416K, used 376937K [0x000000041e400000, 0x0000000800000000)
  region size 4096K, 2 young (8192K), 1 survivors (4096K)
 Metaspace       used 38126K, capacity 39026K, committed 39212K, reserved 1083392K
  class space    used 5055K, capacity 5461K, committed 5504K, reserved 1048576K
GC Heap History (20 events):
Event: 1.728 GC heap before
{Heap before GC invocations=14 (full 8):
 garbage-first heap   total 139264K, used 36820K [0x000000041e400000, 0x0000000800000000)
  region size 4096K, 3 young (12288K), 0 survivors (0K)
 Metaspace       used 15079K, capacity 15486K, committed 15616K, reserved 1062912K
  class space    used 2074K, capacity 2208K, committed 2304K, reserved 1048576K
}
Event: 1.764 GC heap after
{Heap after GC invocations=15 (full 9):
 garbage-first heap   total 122880K, used 28699K [0x000000041e400000, 0x0000000800000000)
  region size 4096K, 0 young (0K), 0 survivors (0K)
 Metaspace       used 15079K, capacity 15486K, committed 15616K, reserved 1062912K
  class space    used 2074K, capacity 2208K, committed 2304K, reserved 1048576K
}
Event: 1.899 GC heap before
{Heap before GC invocations=15 (full 9):
 garbage-first heap   total 122880K, used 69659K [0x000000041e400000, 0x0000000800000000)
  region size 4096K, 10 young (40960K), 0 survivors (0K)
 Metaspace       used 15081K, capacity 15486K, committed 15616K, reserved 1062912K
  class space    used 2074K, capacity 2208K, committed 2304K, reserved 1048576K
}
Event: 1.910 GC heap after
{Heap after GC invocations=16 (full 9):
 garbage-first heap   total 122880K, used 42646K [0x000000041e400000, 0x0000000800000000)
  region size 4096K, 2 young (8192K), 2 survivors (8192K)
 Metaspace       used 15081K, capacity 15486K, committed 15616K, reserved 1062912K
  class space    used 2074K, capacity 2208K, committed 2304K, reserved 1048576K
}
Event: 1.976 GC heap before
{Heap before GC invocations=16 (full 9):
 garbage-first heap   total 122880K, used 67222K [0x000000041e400000, 0x0000000800000000)
  region size 4096K, 8 young (32768K), 2 survivors (8192K)
 Metaspace       used 15090K, capacity 15486K, committed 15616K, reserved 1062912K
  class space    used 2074K, capacity 2208K, committed 2304K, reserved 1048576K
}
Event: 1.991 GC heap after
{Heap after GC invocations=17 (full 9):
 garbage-first heap   total 122880K, used 58256K [0x000000041e400000, 0x0000000800000000)
  region size 4096K, 1 young (4096K), 1 survivors (4096K)
 Metaspace       used 15090K, capacity 15486K, committed 15616K, reserved 1062912K
  class space    used 2074K, capacity 2208K, committed 2304K, reserved 1048576K
}
Event: 1.996 GC heap before
{Heap before GC invocations=17 (full 9):
 garbage-first heap   total 122880K, used 58256K [0x000000041e400000, 0x0000000800000000)
  region size 4096K, 2 young (8192K), 1 survivors (4096K)
 Metaspace       used 15090K, capacity 15486K, committed 15616K, reserved 1062912K
  class space    used 2074K, capacity 2208K, committed 2304K, reserved 1048576K
}
Event: 2.050 GC heap after
{Heap after GC invocations=18 (full 10):
 garbage-first heap   total 122880K, used 43930K [0x000000041e400000, 0x0000000800000000)
  region size 4096K, 0 young (0K), 0 survivors (0K)
 Metaspace       used 15090K, capacity 15486K, committed 15616K, reserved 1062912K
  class space    used 2074K, capacity 2208K, committed 2304K, reserved 1048576K
}
Event: 2.152 GC heap before
{Heap before GC invocations=18 (full 10):
 garbage-first heap   total 122880K, used 68506K [0x000000041e400000, 0x0000000800000000)
  region size 4096K, 6 young (24576K), 0 survivors (0K)
 Metaspace       used 15092K, capacity 15486K, committed 15616K, reserved 1062912K
  class space    used 2074K, capacity 2208K, committed 2304K, reserved 1048576K
}
Event: 2.153 GC heap after
{Heap after GC invocations=19 (full 10):
 garbage-first heap   total 122880K, used 44929K [0x000000041e400000, 0x0000000800000000)
  region size 4096K, 1 young (4096K), 1 survivors (4096K)
 Metaspace       used 15092K, capacity 15486K, committed 15616K, reserved 1062912K
  class space    used 2074K, capacity 2208K, committed 2304K, reserved 1048576K
}
Event: 2.190 GC heap before
{Heap before GC invocations=19 (full 10):
 garbage-first heap   total 122880K, used 69505K [0x000000041e400000, 0x0000000800000000)
  region size 4096K, 7 young (28672K), 1 survivors (4096K)
 Metaspace       used 15096K, capacity 15486K, committed 15616K, reserved 1062912K
  class space    used 2074K, capacity 2208K, committed 2304K, reserved 1048576K
}
Event: 2.202 GC heap after
{Heap after GC invocations=20 (full 10):
 garbage-first heap   total 573440K, used 61096K [0x000000041e400000, 0x0000000800000000)
  region size 4096K, 1 young (4096K), 1 survivors (4096K)
 Metaspace       used 15096K, capacity 15486K, committed 15616K, reserved 1062912K
  class space    used 2074K, capacity 2208K, committed 2304K, reserved 1048576K
}
Event: 2.763 GC heap before
{Heap before GC invocations=20 (full 10):
 garbage-first heap   total 573440K, used 130728K [0x000000041e400000, 0x0000000800000000)
  region size 4096K, 19 young (77824K), 1 survivors (4096K)
 Metaspace       used 25171K, capacity 25866K, committed 26028K, reserved 1071104K
  class space    used 3205K, capacity 3505K, committed 3584K, reserved 1048576K
}
Event: 2.769 GC heap after
{Heap after GC invocations=21 (full 10):
 garbage-first heap   total 573440K, used 66492K [0x000000041e400000, 0x0000000800000000)
  region size 4096K, 3 young (12288K), 3 survivors (12288K)
 Metaspace       used 25171K, capacity 25866K, committed 26028K, reserved 1071104K
  class space    used 3205K, capacity 3505K, committed 3584K, reserved 1048576K
}
Event: 45.252 GC heap before
{Heap before GC invocations=22 (full 10):
 garbage-first heap   total 573440K, used 88019K [0x000000041e400000, 0x0000000800000000)
  region size 4096K, 11 young (45056K), 3 survivors (12288K)
 Metaspace       used 29849K, capacity 30615K, committed 30764K, reserved 1075200K
  class space    used 3799K, capacity 4157K, committed 4224K, reserved 1048576K
}
Event: 45.275 GC heap after
{Heap after GC invocations=23 (full 11):
 garbage-first heap   total 204800K, used 25077K [0x000000041e400000, 0x0000000800000000)
  region size 4096K, 0 young (0K), 0 survivors (0K)
 Metaspace       used 29849K, capacity 30615K, committed 30764K, reserved 1075200K
  class space    used 3799K, capacity 4157K, committed 4224K, reserved 1048576K
}
Event: 46.083 GC heap before
{Heap before GC invocations=23 (full 11):
 garbage-first heap   total 204800K, used 78325K [0x000000041e400000, 0x0000000800000000)
  region size 4096K, 8 young (32768K), 0 survivors (0K)
 Metaspace       used 32477K, capacity 33347K, committed 33580K, reserved 1079296K
  class space    used 4350K, capacity 4726K, committed 4736K, reserved 1048576K
}
Event: 46.084 GC heap after
{Heap after GC invocations=24 (full 11):
 garbage-first heap   total 204800K, used 51448K [0x000000041e400000, 0x0000000800000000)
  region size 4096K, 1 young (4096K), 1 survivors (4096K)
 Metaspace       used 32477K, capacity 33347K, committed 33580K, reserved 1079296K
  class space    used 4350K, capacity 4726K, committed 4736K, reserved 1048576K
}
Event: 57.784 GC heap before
{Heap before GC invocations=25 (full 11):
 garbage-first heap   total 696320K, used 657656K [0x000000041e400000, 0x0000000800000000)
  region size 4096K, 8 young (32768K), 1 survivors (4096K)
 Metaspace       used 38061K, capacity 38962K, committed 39212K, reserved 1083392K
  class space    used 5055K, capacity 5461K, committed 5504K, reserved 1048576K
}
Event: 57.787 GC heap after
{Heap after GC invocations=26 (full 11):
 garbage-first heap   total 700416K, used 131177K [0x000000041e400000, 0x0000000800000000)
  region size 4096K, 1 young (4096K), 1 survivors (4096K)
 Metaspace       used 38061K, capacity 38962K, committed 39212K, reserved 1083392K
  class space    used 5055K, capacity 5461K, committed 5504K, reserved 1048576K
}

