# JRE version: OpenJDK Runtime Environment (11.0.25+9) (build 11.0.25+9-post-Ubuntu-1ubuntu120.04)
# Java VM: OpenJDK 64-Bit Server VM (11.0.25+9-post-Ubuntu-1ubuntu120.04, mixed mode, sharing, tiered, compressed oops, g1 gc, linux-amd64)
Heap:
 garbage-first heap   total 606208K, used 69774K [0x000000041e400000, 0x0000000800000000)
  region size 4096K, 7 young (28672K), 1 survivors (4096K)
 Metaspace       used 29764K, capacity 30605K, committed 30848K, reserved 1075200K
  class space    used 3784K, capacity 4155K, committed 4224K, reserved 1048576K
GC Heap History (20 events):
Event: 1.683 GC heap before
{Heap before GC invocations=10 (full 8):
 garbage-first heap   total 81920K, used 44996K [0x000000041e400000, 0x0000000800000000)
  region size 4096K, 4 young (16384K), 0 survivors (0K)
 Metaspace       used 15005K, capacity 15422K, committed 15872K, reserved 1062912K
  class space    used 2072K, capacity 2208K, committed 2304K, reserved 1048576K
}
Event: 1.684 GC heap after
{Heap after GC invocations=11 (full 8):
 garbage-first heap   total 81920K, used 29247K [0x000000041e400000, 0x0000000800000000)
  region size 4096K, 1 young (4096K), 1 survivors (4096K)
 Metaspace       used 15005K, capacity 15422K, committed 15872K, reserved 1062912K
  class space    used 2072K, capacity 2208K, committed 2304K, reserved 1048576K
}
Event: 1.737 GC heap before
{Heap before GC invocations=12 (full 8):
 garbage-first heap   total 81920K, used 41535K [0x000000041e400000, 0x0000000800000000)
  region size 4096K, 5 young (20480K), 1 survivors (4096K)
 Metaspace       used 15012K, capacity 15422K, committed 15872K, reserved 1062912K
  class space    used 2072K, capacity 2208K, committed 2304K, reserved 1048576K
}
Event: 1.777 GC heap after
{Heap after GC invocations=13 (full 9):
 garbage-first heap   total 81920K, used 28641K [0x000000041e400000, 0x0000000800000000)
  region size 4096K, 0 young (0K), 0 survivors (0K)
 Metaspace       used 15012K, capacity 15422K, committed 15872K, reserved 1062912K
  class space    used 2072K, capacity 2208K, committed 2304K, reserved 1048576K
}
Event: 1.873 GC heap before
{Heap before GC invocations=13 (full 9):
 garbage-first heap   total 81920K, used 45025K [0x000000041e400000, 0x0000000800000000)
  region size 4096K, 5 young (20480K), 0 survivors (0K)
 Metaspace       used 15073K, capacity 15486K, committed 15872K, reserved 1062912K
  class space    used 2073K, capacity 2208K, committed 2304K, reserved 1048576K
}
Event: 1.910 GC heap after
{Heap after GC invocations=14 (full 9):
 garbage-first heap   total 81920K, used 38877K [0x000000041e400000, 0x0000000800000000)
  region size 4096K, 1 young (4096K), 1 survivors (4096K)
 Metaspace       used 15073K, capacity 15486K, committed 15872K, reserved 1062912K
  class space    used 2073K, capacity 2208K, committed 2304K, reserved 1048576K
}
Event: 1.910 GC heap before
{Heap before GC invocations=14 (full 9):
 garbage-first heap   total 81920K, used 38877K [0x000000041e400000, 0x0000000800000000)
  region size 4096K, 2 young (8192K), 1 survivors (4096K)
 Metaspace       used 15073K, capacity 15486K, committed 15872K, reserved 1062912K
  class space    used 2073K, capacity 2208K, committed 2304K, reserved 1048576K
}
Event: 1.970 GC heap after
{Heap after GC invocations=15 (full 10):
 garbage-first heap   total 81920K, used 38647K [0x000000041e400000, 0x0000000800000000)
  region size 4096K, 0 young (0K), 0 survivors (0K)
 Metaspace       used 15073K, capacity 15486K, committed 15872K, reserved 1062912K
  class space    used 2073K, capacity 2208K, committed 2304K, reserved 1048576K
}
Event: 1.986 GC heap before
{Heap before GC invocations=15 (full 10):
 garbage-first heap   total 81920K, used 50935K [0x000000041e400000, 0x0000000800000000)
  region size 4096K, 3 young (12288K), 0 survivors (0K)
 Metaspace       used 15073K, capacity 15486K, committed 15872K, reserved 1062912K
  class space    used 2073K, capacity 2208K, committed 2304K, reserved 1048576K
}
Event: 1.992 GC heap after
{Heap after GC invocations=16 (full 10):
 garbage-first heap   total 552960K, used 43195K [0x000000041e400000, 0x0000000800000000)
  region size 4096K, 1 young (4096K), 1 survivors (4096K)
 Metaspace       used 15073K, capacity 15486K, committed 15872K, reserved 1062912K
  class space    used 2073K, capacity 2208K, committed 2304K, reserved 1048576K
}
Event: 2.071 GC heap before
{Heap before GC invocations=16 (full 10):
 garbage-first heap   total 552960K, used 59579K [0x000000041e400000, 0x0000000800000000)
  region size 4096K, 6 young (24576K), 1 survivors (4096K)
 Metaspace       used 15073K, capacity 15486K, committed 15872K, reserved 1062912K
  class space    used 2073K, capacity 2208K, committed 2304K, reserved 1048576K
}
Event: 2.096 GC heap after
{Heap after GC invocations=17 (full 11):
 garbage-first heap   total 192512K, used 42456K [0x000000041e400000, 0x0000000800000000)
  region size 4096K, 0 young (0K), 0 survivors (0K)
 Metaspace       used 15073K, capacity 15486K, committed 15872K, reserved 1062912K
  class space    used 2073K, capacity 2208K, committed 2304K, reserved 1048576K
}
Event: 2.432 GC heap before
{Heap before GC invocations=17 (full 11):
 garbage-first heap   total 192512K, used 140760K [0x000000041e400000, 0x0000000800000000)
  region size 4096K, 24 young (98304K), 0 survivors (0K)
 Metaspace       used 15088K, capacity 15486K, committed 15872K, reserved 1062912K
  class space    used 2073K, capacity 2208K, committed 2304K, reserved 1048576K
}
Event: 2.441 GC heap after
{Heap after GC invocations=18 (full 11):
 garbage-first heap   total 192512K, used 61838K [0x000000041e400000, 0x0000000800000000)
  region size 4096K, 3 young (12288K), 3 survivors (12288K)
 Metaspace       used 15088K, capacity 15486K, committed 15872K, reserved 1062912K
  class space    used 2073K, capacity 2208K, committed 2304K, reserved 1048576K
}
Event: 2.831 GC heap before
{Heap before GC invocations=18 (full 11):
 garbage-first heap   total 192512K, used 98702K [0x000000041e400000, 0x0000000800000000)
  region size 4096K, 12 young (49152K), 3 survivors (12288K)
 Metaspace       used 21278K, capacity 21880K, committed 22272K, reserved 1069056K
  class space    used 2706K, capacity 2966K, committed 3072K, reserved 1048576K
}
Event: 2.838 GC heap after
{Heap after GC invocations=19 (full 11):
 garbage-first heap   total 192512K, used 64160K [0x000000041e400000, 0x0000000800000000)
  region size 4096K, 1 young (4096K), 1 survivors (4096K)
 Metaspace       used 21278K, capacity 21880K, committed 22272K, reserved 1069056K
  class space    used 2706K, capacity 2966K, committed 3072K, reserved 1048576K
}
Event: 3.015 GC heap before
{Heap before GC invocations=19 (full 11):
 garbage-first heap   total 192512K, used 72352K [0x000000041e400000, 0x0000000800000000)
  region size 4096K, 4 young (16384K), 1 survivors (4096K)
 Metaspace       used 25507K, capacity 26246K, committed 26368K, reserved 1073152K
  class space    used 3253K, capacity 3569K, committed 3584K, reserved 1048576K
}
Event: 3.018 GC heap after
{Heap after GC invocations=20 (full 11):
 garbage-first heap   total 192512K, used 64496K [0x000000041e400000, 0x0000000800000000)
  region size 4096K, 1 young (4096K), 1 survivors (4096K)
 Metaspace       used 25507K, capacity 26246K, committed 26368K, reserved 1073152K
  class space    used 3253K, capacity 3569K, committed 3584K, reserved 1048576K
}
Event: 3.105 GC heap before
{Heap before GC invocations=21 (full 11):
 garbage-first heap   total 192512K, used 48344K [0x000000041e400000, 0x0000000800000000)
  region size 4096K, 2 young (8192K), 1 survivors (4096K)
 Metaspace       used 26697K, capacity 27494K, committed 27776K, reserved 1073152K
  class space    used 3364K, capacity 3709K, committed 3712K, reserved 1048576K
}
Event: 3.108 GC heap after
{Heap after GC invocations=22 (full 11):
 garbage-first heap   total 606208K, used 49294K [0x000000041e400000, 0x0000000800000000)
  region size 4096K, 1 young (4096K), 1 survivors (4096K)
 Metaspace       used 26697K, capacity 27494K, committed 27776K, reserved 1073152K
  class space    used 3364K, capacity 3709K, committed 3712K, reserved 1048576K
}

