# JRE version: OpenJDK Runtime Environment (11.0.25+9) (build 11.0.25+9-post-Ubuntu-1ubuntu120.04)
# Java VM: OpenJDK 64-Bit Server VM (11.0.25+9-post-Ubuntu-1ubuntu120.04, mixed mode, sharing, tiered, compressed oops, g1 gc, linux-amd64)
Heap:
 garbage-first heap   total 552960K, used 78512K [0x000000041e400000, 0x0000000800000000)
  region size 4096K, 11 young (45056K), 2 survivors (8192K)
 Metaspace       used 29772K, capacity 30577K, committed 30848K, reserved 1075200K
  class space    used 3783K, capacity 4123K, committed 4224K, reserved 1048576K
GC Heap History (20 events):
Event: 1.127 GC heap before
{Heap before GC invocations=5 (full 4):
 garbage-first heap   total 81920K, used 21345K [0x000000041e400000, 0x0000000800000000)
  region size 4096K, 2 young (8192K), 0 survivors (0K)
 Metaspace       used 8048K, capacity 9291K, committed 9472K, reserved 1056768K
  class space    used 1197K, capacity 1416K, committed 1536K, reserved 1048576K
}
Event: 1.144 GC heap after
{Heap after GC invocations=6 (full 5):
 garbage-first heap   total 81920K, used 18411K [0x000000041e400000, 0x0000000800000000)
  region size 4096K, 0 young (0K), 0 survivors (0K)
 Metaspace       used 8048K, capacity 9291K, committed 9472K, reserved 1056768K
  class space    used 1197K, capacity 1416K, committed 1536K, reserved 1048576K
}
Event: 1.407 GC heap before
{Heap before GC invocations=6 (full 5):
 garbage-first heap   total 81920K, used 42987K [0x000000041e400000, 0x0000000800000000)
  region size 4096K, 6 young (24576K), 0 survivors (0K)
 Metaspace       used 14507K, capacity 14878K, committed 15232K, reserved 1062912K
  class space    used 2057K, capacity 2176K, committed 2176K, reserved 1048576K
}
Event: 1.410 GC heap after
{Heap after GC invocations=7 (full 5):
 garbage-first heap   total 81920K, used 22636K [0x000000041e400000, 0x0000000800000000)
  region size 4096K, 1 young (4096K), 1 survivors (4096K)
 Metaspace       used 14507K, capacity 14878K, committed 15232K, reserved 1062912K
  class space    used 2057K, capacity 2176K, committed 2176K, reserved 1048576K
}
Event: 1.494 GC heap before
{Heap before GC invocations=7 (full 5):
 garbage-first heap   total 81920K, used 30828K [0x000000041e400000, 0x0000000800000000)
  region size 4096K, 4 young (16384K), 1 survivors (4096K)
 Metaspace       used 14753K, capacity 15102K, committed 15616K, reserved 1062912K
  class space    used 2069K, capacity 2208K, committed 2304K, reserved 1048576K
}
Event: 1.524 GC heap after
{Heap after GC invocations=8 (full 6):
 garbage-first heap   total 81920K, used 25367K [0x000000041e400000, 0x0000000800000000)
  region size 4096K, 0 young (0K), 0 survivors (0K)
 Metaspace       used 14753K, capacity 15102K, committed 15616K, reserved 1062912K
  class space    used 2069K, capacity 2208K, committed 2304K, reserved 1048576K
}
Event: 1.612 GC heap before
{Heap before GC invocations=8 (full 6):
 garbage-first heap   total 81920K, used 37655K [0x000000041e400000, 0x0000000800000000)
  region size 4096K, 4 young (16384K), 0 survivors (0K)
 Metaspace       used 14927K, capacity 15358K, committed 15872K, reserved 1062912K
  class space    used 2074K, capacity 2208K, committed 2304K, reserved 1048576K
}
Event: 1.649 GC heap after
{Heap after GC invocations=9 (full 7):
 garbage-first heap   total 81920K, used 28595K [0x000000041e400000, 0x0000000800000000)
  region size 4096K, 0 young (0K), 0 survivors (0K)
 Metaspace       used 14927K, capacity 15358K, committed 15872K, reserved 1062912K
  class space    used 2074K, capacity 2208K, committed 2304K, reserved 1048576K
}
Event: 1.721 GC heap before
{Heap before GC invocations=9 (full 7):
 garbage-first heap   total 81920K, used 44979K [0x000000041e400000, 0x0000000800000000)
  region size 4096K, 4 young (16384K), 0 survivors (0K)
 Metaspace       used 15009K, capacity 15422K, committed 15872K, reserved 1062912K
  class space    used 2074K, capacity 2208K, committed 2304K, reserved 1048576K
}
Event: 1.726 GC heap after
{Heap after GC invocations=10 (full 7):
 garbage-first heap   total 81920K, used 32919K [0x000000041e400000, 0x0000000800000000)
  region size 4096K, 1 young (4096K), 1 survivors (4096K)
 Metaspace       used 15009K, capacity 15422K, committed 15872K, reserved 1062912K
  class space    used 2074K, capacity 2208K, committed 2304K, reserved 1048576K
}
Event: 1.736 GC heap before
{Heap before GC invocations=10 (full 7):
 garbage-first heap   total 81920K, used 32919K [0x000000041e400000, 0x0000000800000000)
  region size 4096K, 2 young (8192K), 1 survivors (4096K)
 Metaspace       used 15016K, capacity 15422K, committed 15872K, reserved 1062912K
  class space    used 2074K, capacity 2208K, committed 2304K, reserved 1048576K
}
Event: 1.771 GC heap after
{Heap after GC invocations=11 (full 8):
 garbage-first heap   total 81920K, used 28967K [0x000000041e400000, 0x0000000800000000)
  region size 4096K, 0 young (0K), 0 survivors (0K)
 Metaspace       used 15016K, capacity 15422K, committed 15872K, reserved 1062912K
  class space    used 2074K, capacity 2208K, committed 2304K, reserved 1048576K
}
Event: 1.830 GC heap before
{Heap before GC invocations=11 (full 8):
 garbage-first heap   total 81920K, used 45351K [0x000000041e400000, 0x0000000800000000)
  region size 4096K, 4 young (16384K), 0 survivors (0K)
 Metaspace       used 15023K, capacity 15422K, committed 15872K, reserved 1062912K
  class space    used 2074K, capacity 2208K, committed 2304K, reserved 1048576K
}
Event: 1.834 GC heap after
{Heap after GC invocations=12 (full 8):
 garbage-first heap   total 81920K, used 33689K [0x000000041e400000, 0x0000000800000000)
  region size 4096K, 1 young (4096K), 1 survivors (4096K)
 Metaspace       used 15023K, capacity 15422K, committed 15872K, reserved 1062912K
  class space    used 2074K, capacity 2208K, committed 2304K, reserved 1048576K
}
Event: 1.877 GC heap before
{Heap before GC invocations=12 (full 8):
 garbage-first heap   total 81920K, used 33689K [0x000000041e400000, 0x0000000800000000)
  region size 4096K, 2 young (8192K), 1 survivors (4096K)
 Metaspace       used 15041K, capacity 15422K, committed 15872K, reserved 1062912K
  class space    used 2074K, capacity 2208K, committed 2304K, reserved 1048576K
}
Event: 1.911 GC heap after
{Heap after GC invocations=13 (full 9):
 garbage-first heap   total 81920K, used 28647K [0x000000041e400000, 0x0000000800000000)
  region size 4096K, 0 young (0K), 0 survivors (0K)
 Metaspace       used 15041K, capacity 15422K, committed 15872K, reserved 1062912K
  class space    used 2074K, capacity 2208K, committed 2304K, reserved 1048576K
}
Event: 1.991 GC heap before
{Heap before GC invocations=13 (full 9):
 garbage-first heap   total 81920K, used 49127K [0x000000041e400000, 0x0000000800000000)
  region size 4096K, 5 young (20480K), 0 survivors (0K)
 Metaspace       used 15084K, capacity 15486K, committed 15872K, reserved 1062912K
  class space    used 2074K, capacity 2208K, committed 2304K, reserved 1048576K
}
Event: 2.004 GC heap after
{Heap after GC invocations=14 (full 9):
 garbage-first heap   total 552960K, used 42225K [0x000000041e400000, 0x0000000800000000)
  region size 4096K, 1 young (4096K), 1 survivors (4096K)
 Metaspace       used 15084K, capacity 15486K, committed 15872K, reserved 1062912K
  class space    used 2074K, capacity 2208K, committed 2304K, reserved 1048576K
}
Event: 3.082 GC heap before
{Heap before GC invocations=14 (full 9):
 garbage-first heap   total 552960K, used 214257K [0x000000041e400000, 0x0000000800000000)
  region size 4096K, 44 young (180224K), 1 survivors (4096K)
 Metaspace       used 25513K, capacity 26250K, committed 26368K, reserved 1073152K
  class space    used 3253K, capacity 3569K, committed 3584K, reserved 1048576K
}
Event: 3.089 GC heap after
{Heap after GC invocations=15 (full 9):
 garbage-first heap   total 552960K, used 45744K [0x000000041e400000, 0x0000000800000000)
  region size 4096K, 2 young (8192K), 2 survivors (8192K)
 Metaspace       used 25513K, capacity 26250K, committed 26368K, reserved 1073152K
  class space    used 3253K, capacity 3569K, committed 3584K, reserved 1048576K
}

