# JRE version: OpenJDK Runtime Environment (11.0.25+9) (build 11.0.25+9-post-Ubuntu-1ubuntu120.04)
# Java VM: OpenJDK 64-Bit Server VM (11.0.25+9-post-Ubuntu-1ubuntu120.04, mixed mode, sharing, tiered, compressed oops, g1 gc, linux-amd64)
Heap:
 garbage-first heap   total 581632K, used 67793K [0x000000041e400000, 0x0000000800000000)
  region size 4096K, 6 young (24576K), 2 survivors (8192K)
 Metaspace       used 29815K, capacity 30636K, committed 30848K, reserved 1075200K
  class space    used 3794K, capacity 4187K, committed 4224K, reserved 1048576K
GC Heap History (20 events):
Event: 2.091 GC heap before
{Heap before GC invocations=9 (full 6):
 garbage-first heap   total 69632K, used 32542K [0x000000041e400000, 0x0000000800000000)
  region size 4096K, 2 young (8192K), 0 survivors (0K)
 Metaspace       used 14963K, capacity 15358K, committed 15872K, reserved 1062912K
  class space    used 2067K, capacity 2208K, committed 2304K, reserved 1048576K
}
Event: 2.167 GC heap after
{Heap after GC invocations=10 (full 7):
 garbage-first heap   total 69632K, used 28617K [0x000000041e400000, 0x0000000800000000)
  region size 4096K, 0 young (0K), 0 survivors (0K)
 Metaspace       used 14963K, capacity 15358K, committed 15872K, reserved 1062912K
  class space    used 2067K, capacity 2208K, committed 2304K, reserved 1048576K
}
Event: 2.199 GC heap before
{Heap before GC invocations=10 (full 7):
 garbage-first heap   total 69632K, used 40905K [0x000000041e400000, 0x0000000800000000)
  region size 4096K, 3 young (12288K), 0 survivors (0K)
 Metaspace       used 14967K, capacity 15358K, committed 15872K, reserved 1062912K
  class space    used 2067K, capacity 2208K, committed 2304K, reserved 1048576K
}
Event: 2.205 GC heap after
{Heap after GC invocations=11 (full 7):
 garbage-first heap   total 69632K, used 33014K [0x000000041e400000, 0x0000000800000000)
  region size 4096K, 1 young (4096K), 1 survivors (4096K)
 Metaspace       used 14967K, capacity 15358K, committed 15872K, reserved 1062912K
  class space    used 2067K, capacity 2208K, committed 2304K, reserved 1048576K
}
Event: 2.270 GC heap before
{Heap before GC invocations=11 (full 7):
 garbage-first heap   total 69632K, used 41206K [0x000000041e400000, 0x0000000800000000)
  region size 4096K, 3 young (12288K), 1 survivors (4096K)
 Metaspace       used 14977K, capacity 15358K, committed 15872K, reserved 1062912K
  class space    used 2067K, capacity 2208K, committed 2304K, reserved 1048576K
}
Event: 2.285 GC heap after
{Heap after GC invocations=12 (full 7):
 garbage-first heap   total 544768K, used 37778K [0x000000041e400000, 0x0000000800000000)
  region size 4096K, 1 young (4096K), 1 survivors (4096K)
 Metaspace       used 14977K, capacity 15358K, committed 15872K, reserved 1062912K
  class space    used 2067K, capacity 2208K, committed 2304K, reserved 1048576K
}
Event: 2.287 GC heap before
{Heap before GC invocations=12 (full 7):
 garbage-first heap   total 544768K, used 37778K [0x000000041e400000, 0x0000000800000000)
  region size 4096K, 2 young (8192K), 1 survivors (4096K)
 Metaspace       used 14977K, capacity 15358K, committed 15872K, reserved 1062912K
  class space    used 2067K, capacity 2208K, committed 2304K, reserved 1048576K
}
Event: 2.350 GC heap after
{Heap after GC invocations=13 (full 8):
 garbage-first heap   total 163840K, used 33385K [0x000000041e400000, 0x0000000800000000)
  region size 4096K, 0 young (0K), 0 survivors (0K)
 Metaspace       used 14977K, capacity 15358K, committed 15872K, reserved 1062912K
  class space    used 2067K, capacity 2208K, committed 2304K, reserved 1048576K
}
Event: 2.474 GC heap before
{Heap before GC invocations=13 (full 8):
 garbage-first heap   total 163840K, used 41577K [0x000000041e400000, 0x0000000800000000)
  region size 4096K, 3 young (12288K), 0 survivors (0K)
 Metaspace       used 14986K, capacity 15358K, committed 15872K, reserved 1062912K
  class space    used 2067K, capacity 2208K, committed 2304K, reserved 1048576K
}
Event: 2.519 GC heap after
{Heap after GC invocations=14 (full 9):
 garbage-first heap   total 139264K, used 28623K [0x000000041e400000, 0x0000000800000000)
  region size 4096K, 0 young (0K), 0 survivors (0K)
 Metaspace       used 14986K, capacity 15358K, committed 15872K, reserved 1062912K
  class space    used 2067K, capacity 2208K, committed 2304K, reserved 1048576K
}
Event: 2.930 GC heap before
{Heap before GC invocations=14 (full 9):
 garbage-first heap   total 139264K, used 94159K [0x000000041e400000, 0x0000000800000000)
  region size 4096K, 16 young (65536K), 0 survivors (0K)
 Metaspace       used 15054K, capacity 15422K, committed 15872K, reserved 1062912K
  class space    used 2068K, capacity 2208K, committed 2304K, reserved 1048576K
}
Event: 2.951 GC heap after
{Heap after GC invocations=15 (full 9):
 garbage-first heap   total 139264K, used 42566K [0x000000041e400000, 0x0000000800000000)
  region size 4096K, 2 young (8192K), 2 survivors (8192K)
 Metaspace       used 15054K, capacity 15422K, committed 15872K, reserved 1062912K
  class space    used 2068K, capacity 2208K, committed 2304K, reserved 1048576K
}
Event: 3.136 GC heap before
{Heap before GC invocations=15 (full 9):
 garbage-first heap   total 139264K, used 87622K [0x000000041e400000, 0x0000000800000000)
  region size 4096K, 13 young (53248K), 2 survivors (8192K)
 Metaspace       used 15061K, capacity 15422K, committed 15872K, reserved 1062912K
  class space    used 2068K, capacity 2208K, committed 2304K, reserved 1048576K
}
Event: 3.149 GC heap after
{Heap after GC invocations=16 (full 9):
 garbage-first heap   total 139264K, used 45641K [0x000000041e400000, 0x0000000800000000)
  region size 4096K, 2 young (8192K), 2 survivors (8192K)
 Metaspace       used 15061K, capacity 15422K, committed 15872K, reserved 1062912K
  class space    used 2068K, capacity 2208K, committed 2304K, reserved 1048576K
}
Event: 3.223 GC heap before
{Heap before GC invocations=16 (full 9):
 garbage-first heap   total 139264K, used 86601K [0x000000041e400000, 0x0000000800000000)
  region size 4096K, 12 young (49152K), 2 survivors (8192K)
 Metaspace       used 15061K, capacity 15422K, committed 15872K, reserved 1062912K
  class space    used 2068K, capacity 2208K, committed 2304K, reserved 1048576K
}
Event: 3.242 GC heap after
{Heap after GC invocations=17 (full 9):
 garbage-first heap   total 139264K, used 62000K [0x000000041e400000, 0x0000000800000000)
  region size 4096K, 2 young (8192K), 2 survivors (8192K)
 Metaspace       used 15061K, capacity 15422K, committed 15872K, reserved 1062912K
  class space    used 2068K, capacity 2208K, committed 2304K, reserved 1048576K
}
Event: 3.480 GC heap before
{Heap before GC invocations=17 (full 9):
 garbage-first heap   total 139264K, used 86576K [0x000000041e400000, 0x0000000800000000)
  region size 4096K, 8 young (32768K), 2 survivors (8192K)
 Metaspace       used 16788K, capacity 17164K, committed 17792K, reserved 1064960K
  class space    used 2198K, capacity 2319K, committed 2432K, reserved 1048576K
}
Event: 3.495 GC heap after
{Heap after GC invocations=18 (full 9):
 garbage-first heap   total 581632K, used 64421K [0x000000041e400000, 0x0000000800000000)
  region size 4096K, 1 young (4096K), 1 survivors (4096K)
 Metaspace       used 16788K, capacity 17164K, committed 17792K, reserved 1064960K
  class space    used 2198K, capacity 2319K, committed 2432K, reserved 1048576K
}
Event: 4.280 GC heap before
{Heap before GC invocations=19 (full 9):
 garbage-first heap   total 581632K, used 88997K [0x000000041e400000, 0x0000000800000000)
  region size 4096K, 11 young (45056K), 1 survivors (4096K)
 Metaspace       used 28955K, capacity 29744K, committed 30080K, reserved 1075200K
  class space    used 3611K, capacity 3952K, committed 3968K, reserved 1048576K
}
Event: 4.286 GC heap after
{Heap after GC invocations=20 (full 9):
 garbage-first heap   total 581632K, used 55505K [0x000000041e400000, 0x0000000800000000)
  region size 4096K, 2 young (8192K), 2 survivors (8192K)
 Metaspace       used 28955K, capacity 29744K, committed 30080K, reserved 1075200K
  class space    used 3611K, capacity 3952K, committed 3968K, reserved 1048576K
}

